[INFO] Scanning for projects...
[INFO] 
[INFO] ----------------------< com.example:writeMyself >-----------------------
[INFO] Building writeMyself 0.0.1-SNAPSHOT
[INFO]   from pom.xml
[INFO] --------------------------------[ jar ]---------------------------------
[INFO] 
[INFO] >>> spring-boot:4.0.1:run (default-cli) > test-compile @ writeMyself >>>
[INFO] 
[INFO] --- resources:3.3.1:resources (default-resources) @ writeMyself ---
[INFO] Copying 1 resource from src/main/resources to target/classes
[INFO] Copying 16 resources from src/main/resources to target/classes
[INFO] 
[INFO] --- compiler:3.14.1:compile (default-compile) @ writeMyself ---
[INFO] Nothing to compile - all classes are up to date.
[INFO] 
[INFO] --- resources:3.3.1:testResources (default-testResources) @ writeMyself ---
[INFO] skip non existing resourceDirectory /Users/qiankun96/Desktop/meituan/writeengine/src/test/resources
[INFO] 
[INFO] --- compiler:3.14.1:testCompile (default-testCompile) @ writeMyself ---
[INFO] Nothing to compile - all classes are up to date.
[INFO] 
[INFO] <<< spring-boot:4.0.1:run (default-cli) < test-compile @ writeMyself <<<
[INFO] 
[INFO] 
[INFO] --- spring-boot:4.0.1:run (default-cli) @ writeMyself ---
[INFO] Attaching agents: []

  .   ____          _            __ _ _
 /\\ / ___'_ __ _ _(_)_ __  __ _ \ \ \ \
( ( )\___ | '_ | '_| | '_ \/ _` | \ \ \ \
 \\/  ___)| |_)| | | | | || (_| |  ) ) ) )
  '  |____| .__|_| |_|_| |_\__, | / / / /
 =========|_|==============|___/=/_/_/_/

 :: Spring Boot ::                (v4.0.1)

2026-02-08T01:03:21.507+08:00  INFO 37881 --- [writeMyself] [           main] c.e.writemyself.WriteMyselfApplication   : Starting WriteMyselfApplication using Java 23.0.2 with PID 37881 (/Users/qiankun96/Desktop/meituan/writeengine/target/classes started by qiankun96 in /Users/qiankun96/Desktop/meituan/writeengine)
2026-02-08T01:03:21.509+08:00  INFO 37881 --- [writeMyself] [           main] c.e.writemyself.WriteMyselfApplication   : No active profile set, falling back to 1 default profile: "default"
2026-02-08T01:03:22.648+08:00  INFO 37881 --- [writeMyself] [           main] o.s.boot.tomcat.TomcatWebServer          : Tomcat initialized with port 8084 (http)
2026-02-08T01:03:22.661+08:00  INFO 37881 --- [writeMyself] [           main] o.apache.catalina.core.StandardService   : Starting service [Tomcat]
2026-02-08T01:03:22.661+08:00  INFO 37881 --- [writeMyself] [           main] o.apache.catalina.core.StandardEngine    : Starting Servlet engine: [Apache Tomcat/11.0.15]
2026-02-08T01:03:22.697+08:00  INFO 37881 --- [writeMyself] [           main] b.w.c.s.WebApplicationContextInitializer : Root WebApplicationContext: initialization completed in 927 ms
2026-02-08T01:03:22.797+08:00  INFO 37881 --- [writeMyself] [           main] o.s.b.w.a.WelcomePageHandlerMapping      : Adding welcome page template: index
2026-02-08T01:03:23.072+08:00  INFO 37881 --- [writeMyself] [           main] o.s.boot.tomcat.TomcatWebServer          : Tomcat started on port 8084 (http) with context path '/'
2026-02-08T01:03:23.080+08:00  INFO 37881 --- [writeMyself] [           main] c.e.writemyself.WriteMyselfApplication   : Started WriteMyselfApplication in 2.045 seconds (process running for 2.477)
2026-02-08T01:03:32.440+08:00  INFO 37881 --- [writeMyself] [nio-8084-exec-1] o.a.c.c.C.[Tomcat].[localhost].[/]       : Initializing Spring DispatcherServlet 'dispatcherServlet'
2026-02-08T01:03:32.441+08:00  INFO 37881 --- [writeMyself] [nio-8084-exec-1] o.s.web.servlet.DispatcherServlet        : Initializing Servlet 'dispatcherServlet'
2026-02-08T01:03:32.442+08:00  INFO 37881 --- [writeMyself] [nio-8084-exec-1] o.s.web.servlet.DispatcherServlet        : Completed initialization in 1 ms
2026-02-08T01:08:31.706+08:00  INFO 37881 --- [writeMyself] [ionShutdownHook] o.s.boot.tomcat.GracefulShutdown         : Commencing graceful shutdown. Waiting for active requests to complete
2026-02-08T01:08:33.296+08:00  INFO 37881 --- [writeMyself] [tomcat-shutdown] o.s.boot.tomcat.GracefulShutdown         : Graceful shutdown complete
